<?xml version="1.0" encoding="UTF-8"?>
<testng-results ignored="0" total="25" passed="25" failed="0" skipped="0">
  <reporter-output>
  </reporter-output>
  <suite started-at="2022-09-16T16:37:50 IST" name="Default suite" finished-at="2022-09-16T16:44:56 IST" duration-ms="426198">
    <groups>
    </groups>
    <test started-at="2022-09-16T16:37:50 IST" name="Default test" finished-at="2022-09-16T16:44:56 IST" duration-ms="426198">
      <class name="com.admin.test.TextMessagingFlow">
        <test-method is-config="true" signature="setExtent()[pri:0, instance:com.admin.test.TextMessagingFlow@6392827e]" started-at="2022-09-16T16:37:50 IST" name="setExtent" finished-at="2022-09-16T16:37:51 IST" duration-ms="709" status="PASS">
          <reporter-output>
          </reporter-output>
        </test-method> <!-- setExtent -->
        <test-method is-config="true" signature="LaunchUrl()[pri:0, instance:com.admin.test.TextMessagingFlow@6392827e]" started-at="2022-09-16T16:37:51 IST" name="LaunchUrl" finished-at="2022-09-16T16:38:09 IST" duration-ms="18475" status="PASS">
          <reporter-output>
          </reporter-output>
        </test-method> <!-- LaunchUrl -->
        <test-method signature="Login()[pri:0, instance:com.admin.test.TextMessagingFlow@6392827e]" started-at="2022-09-16T16:38:09 IST" name="Login" finished-at="2022-09-16T16:38:24 IST" duration-ms="14376" status="PASS">
          <reporter-output>
          </reporter-output>
        </test-method> <!-- Login -->
        <test-method is-config="true" signature="tearDown(org.testng.ITestResult)[pri:0, instance:com.admin.test.TextMessagingFlow@6392827e]" started-at="2022-09-16T16:38:24 IST" name="tearDown" finished-at="2022-09-16T16:38:25 IST" duration-ms="1097" status="PASS">
          <params>
            <param index="0">
              <value>
                <![CDATA[[TestResult name=Login status=SUCCESS method=TextMessagingFlow.Login()[pri:0, instance:com.admin.test.TextMessagingFlow@6392827e] output={null}]]]>
              </value>
            </param>
          </params>
          <reporter-output>
          </reporter-output>
        </test-method> <!-- tearDown -->
        <test-method is-config="true" signature="LaunchUrl()[pri:0, instance:com.admin.test.TextMessagingFlow@6392827e]" started-at="2022-09-16T16:38:25 IST" name="LaunchUrl" finished-at="2022-09-16T16:38:25 IST" duration-ms="1" status="PASS">
          <reporter-output>
          </reporter-output>
        </test-method> <!-- LaunchUrl -->
        <test-method signature="openAllMsgs()[pri:1, instance:com.admin.test.TextMessagingFlow@6392827e]" started-at="2022-09-16T16:38:25 IST" name="openAllMsgs" finished-at="2022-09-16T16:38:35 IST" duration-ms="10070" status="PASS">
          <reporter-output>
          </reporter-output>
        </test-method> <!-- openAllMsgs -->
        <test-method is-config="true" signature="tearDown(org.testng.ITestResult)[pri:0, instance:com.admin.test.TextMessagingFlow@6392827e]" started-at="2022-09-16T16:38:35 IST" name="tearDown" finished-at="2022-09-16T16:38:35 IST" duration-ms="372" status="PASS">
          <params>
            <param index="0">
              <value>
                <![CDATA[[TestResult name=openAllMsgs status=SUCCESS method=TextMessagingFlow.openAllMsgs()[pri:1, instance:com.admin.test.TextMessagingFlow@6392827e] output={null}]]]>
              </value>
            </param>
          </params>
          <reporter-output>
          </reporter-output>
        </test-method> <!-- tearDown -->
        <test-method is-config="true" signature="LaunchUrl()[pri:0, instance:com.admin.test.TextMessagingFlow@6392827e]" started-at="2022-09-16T16:38:35 IST" name="LaunchUrl" finished-at="2022-09-16T16:38:35 IST" duration-ms="0" status="PASS">
          <reporter-output>
          </reporter-output>
        </test-method> <!-- LaunchUrl -->
        <test-method signature="SndMessage()[pri:2, instance:com.admin.test.TextMessagingFlow@6392827e]" started-at="2022-09-16T16:38:35 IST" name="SndMessage" finished-at="2022-09-16T16:38:56 IST" duration-ms="20539" status="PASS">
          <reporter-output>
          </reporter-output>
        </test-method> <!-- SndMessage -->
        <test-method is-config="true" signature="tearDown(org.testng.ITestResult)[pri:0, instance:com.admin.test.TextMessagingFlow@6392827e]" started-at="2022-09-16T16:38:56 IST" name="tearDown" finished-at="2022-09-16T16:38:56 IST" duration-ms="241" status="PASS">
          <params>
            <param index="0">
              <value>
                <![CDATA[[TestResult name=SndMessage status=SUCCESS method=TextMessagingFlow.SndMessage()[pri:2, instance:com.admin.test.TextMessagingFlow@6392827e] output={null}]]]>
              </value>
            </param>
          </params>
          <reporter-output>
          </reporter-output>
        </test-method> <!-- tearDown -->
        <test-method signature="TextBlast()[pri:4, instance:com.admin.test.TextMessagingFlow@6392827e]" started-at="2022-09-16T16:38:56 IST" name="TextBlast" finished-at="2022-09-16T16:39:15 IST" duration-ms="19259" status="PASS">
          <reporter-output>
          </reporter-output>
        </test-method> <!-- TextBlast -->
        <test-method is-config="true" signature="LaunchUrl()[pri:0, instance:com.admin.test.TextMessagingFlow@6392827e]" started-at="2022-09-16T16:38:56 IST" name="LaunchUrl" finished-at="2022-09-16T16:38:56 IST" duration-ms="0" status="PASS">
          <reporter-output>
          </reporter-output>
        </test-method> <!-- LaunchUrl -->
        <test-method is-config="true" signature="tearDown(org.testng.ITestResult)[pri:0, instance:com.admin.test.TextMessagingFlow@6392827e]" started-at="2022-09-16T16:39:15 IST" name="tearDown" finished-at="2022-09-16T16:39:16 IST" duration-ms="319" status="PASS">
          <params>
            <param index="0">
              <value>
                <![CDATA[[TestResult name=TextBlast status=SUCCESS method=TextMessagingFlow.TextBlast()[pri:4, instance:com.admin.test.TextMessagingFlow@6392827e] output={null}]]]>
              </value>
            </param>
          </params>
          <reporter-output>
          </reporter-output>
        </test-method> <!-- tearDown -->
        <test-method is-config="true" signature="LaunchUrl()[pri:0, instance:com.admin.test.TextMessagingFlow@6392827e]" started-at="2022-09-16T16:39:16 IST" name="LaunchUrl" finished-at="2022-09-16T16:39:16 IST" duration-ms="0" status="PASS">
          <reporter-output>
          </reporter-output>
        </test-method> <!-- LaunchUrl -->
        <test-method signature="cancel()[pri:5, instance:com.admin.test.TextMessagingFlow@6392827e]" started-at="2022-09-16T16:39:16 IST" name="cancel" finished-at="2022-09-16T16:39:26 IST" duration-ms="10421" status="PASS">
          <reporter-output>
          </reporter-output>
        </test-method> <!-- cancel -->
        <test-method is-config="true" signature="tearDown(org.testng.ITestResult)[pri:0, instance:com.admin.test.TextMessagingFlow@6392827e]" started-at="2022-09-16T16:39:26 IST" name="tearDown" finished-at="2022-09-16T16:39:26 IST" duration-ms="227" status="PASS">
          <params>
            <param index="0">
              <value>
                <![CDATA[[TestResult name=cancel status=SUCCESS method=TextMessagingFlow.cancel()[pri:5, instance:com.admin.test.TextMessagingFlow@6392827e] output={null}]]]>
              </value>
            </param>
          </params>
          <reporter-output>
          </reporter-output>
        </test-method> <!-- tearDown -->
        <test-method is-config="true" signature="LaunchUrl()[pri:0, instance:com.admin.test.TextMessagingFlow@6392827e]" started-at="2022-09-16T16:39:26 IST" name="LaunchUrl" finished-at="2022-09-16T16:39:26 IST" duration-ms="0" status="PASS">
          <reporter-output>
          </reporter-output>
        </test-method> <!-- LaunchUrl -->
        <test-method signature="SndEmptyMessage()[pri:6, instance:com.admin.test.TextMessagingFlow@6392827e]" started-at="2022-09-16T16:39:26 IST" name="SndEmptyMessage" finished-at="2022-09-16T16:39:45 IST" duration-ms="18628" status="PASS">
          <reporter-output>
          </reporter-output>
        </test-method> <!-- SndEmptyMessage -->
        <test-method is-config="true" signature="tearDown(org.testng.ITestResult)[pri:0, instance:com.admin.test.TextMessagingFlow@6392827e]" started-at="2022-09-16T16:39:45 IST" name="tearDown" finished-at="2022-09-16T16:39:45 IST" duration-ms="225" status="PASS">
          <params>
            <param index="0">
              <value>
                <![CDATA[[TestResult name=SndEmptyMessage status=SUCCESS method=TextMessagingFlow.SndEmptyMessage()[pri:6, instance:com.admin.test.TextMessagingFlow@6392827e] output={null}]]]>
              </value>
            </param>
          </params>
          <reporter-output>
          </reporter-output>
        </test-method> <!-- tearDown -->
        <test-method is-config="true" signature="LaunchUrl()[pri:0, instance:com.admin.test.TextMessagingFlow@6392827e]" started-at="2022-09-16T16:39:45 IST" name="LaunchUrl" finished-at="2022-09-16T16:39:45 IST" duration-ms="0" status="PASS">
          <reporter-output>
          </reporter-output>
        </test-method> <!-- LaunchUrl -->
        <test-method signature="SndMessagewithoutnumber()[pri:7, instance:com.admin.test.TextMessagingFlow@6392827e]" started-at="2022-09-16T16:39:45 IST" name="SndMessagewithoutnumber" finished-at="2022-09-16T16:40:04 IST" duration-ms="18810" status="PASS">
          <reporter-output>
          </reporter-output>
        </test-method> <!-- SndMessagewithoutnumber -->
        <test-method is-config="true" signature="tearDown(org.testng.ITestResult)[pri:0, instance:com.admin.test.TextMessagingFlow@6392827e]" started-at="2022-09-16T16:40:04 IST" name="tearDown" finished-at="2022-09-16T16:40:04 IST" duration-ms="223" status="PASS">
          <params>
            <param index="0">
              <value>
                <![CDATA[[TestResult name=SndMessagewithoutnumber status=SUCCESS method=TextMessagingFlow.SndMessagewithoutnumber()[pri:7, instance:com.admin.test.TextMessagingFlow@6392827e] output={null}]]]>
              </value>
            </param>
          </params>
          <reporter-output>
          </reporter-output>
        </test-method> <!-- tearDown -->
        <test-method is-config="true" signature="LaunchUrl()[pri:0, instance:com.admin.test.TextMessagingFlow@6392827e]" started-at="2022-09-16T16:40:04 IST" name="LaunchUrl" finished-at="2022-09-16T16:40:04 IST" duration-ms="1" status="PASS">
          <reporter-output>
          </reporter-output>
        </test-method> <!-- LaunchUrl -->
        <test-method signature="sndmsgbyselectinganothervumbernumber()[pri:8, instance:com.admin.test.TextMessagingFlow@6392827e]" started-at="2022-09-16T16:40:04 IST" name="sndmsgbyselectinganothervumbernumber" finished-at="2022-09-16T16:40:24 IST" duration-ms="19439" status="PASS">
          <reporter-output>
          </reporter-output>
        </test-method> <!-- sndmsgbyselectinganothervumbernumber -->
        <test-method is-config="true" signature="tearDown(org.testng.ITestResult)[pri:0, instance:com.admin.test.TextMessagingFlow@6392827e]" started-at="2022-09-16T16:40:24 IST" name="tearDown" finished-at="2022-09-16T16:40:24 IST" duration-ms="263" status="PASS">
          <params>
            <param index="0">
              <value>
                <![CDATA[[TestResult name=sndmsgbyselectinganothervumbernumber status=SUCCESS method=TextMessagingFlow.sndmsgbyselectinganothervumbernumber()[pri:8, instance:com.admin.test.TextMessagingFlow@6392827e] output={null}]]]>
              </value>
            </param>
          </params>
          <reporter-output>
          </reporter-output>
        </test-method> <!-- tearDown -->
        <test-method is-config="true" signature="LaunchUrl()[pri:0, instance:com.admin.test.TextMessagingFlow@6392827e]" started-at="2022-09-16T16:40:24 IST" name="LaunchUrl" finished-at="2022-09-16T16:40:24 IST" duration-ms="0" status="PASS">
          <reporter-output>
          </reporter-output>
        </test-method> <!-- LaunchUrl -->
        <test-method signature="Refresh()[pri:9, instance:com.admin.test.TextMessagingFlow@6392827e]" started-at="2022-09-16T16:40:24 IST" name="Refresh" finished-at="2022-09-16T16:40:32 IST" duration-ms="8466" status="PASS">
          <reporter-output>
          </reporter-output>
        </test-method> <!-- Refresh -->
        <test-method is-config="true" signature="tearDown(org.testng.ITestResult)[pri:0, instance:com.admin.test.TextMessagingFlow@6392827e]" started-at="2022-09-16T16:40:32 IST" name="tearDown" finished-at="2022-09-16T16:40:33 IST" duration-ms="325" status="PASS">
          <params>
            <param index="0">
              <value>
                <![CDATA[[TestResult name=Refresh status=SUCCESS method=TextMessagingFlow.Refresh()[pri:9, instance:com.admin.test.TextMessagingFlow@6392827e] output={null}]]]>
              </value>
            </param>
          </params>
          <reporter-output>
          </reporter-output>
        </test-method> <!-- tearDown -->
        <test-method signature="openreceivedonlyMsgs()[pri:10, instance:com.admin.test.TextMessagingFlow@6392827e]" started-at="2022-09-16T16:40:33 IST" name="openreceivedonlyMsgs" finished-at="2022-09-16T16:40:51 IST" duration-ms="18670" status="PASS">
          <reporter-output>
          </reporter-output>
        </test-method> <!-- openreceivedonlyMsgs -->
        <test-method is-config="true" signature="LaunchUrl()[pri:0, instance:com.admin.test.TextMessagingFlow@6392827e]" started-at="2022-09-16T16:40:33 IST" name="LaunchUrl" finished-at="2022-09-16T16:40:33 IST" duration-ms="0" status="PASS">
          <reporter-output>
          </reporter-output>
        </test-method> <!-- LaunchUrl -->
        <test-method is-config="true" signature="tearDown(org.testng.ITestResult)[pri:0, instance:com.admin.test.TextMessagingFlow@6392827e]" started-at="2022-09-16T16:40:51 IST" name="tearDown" finished-at="2022-09-16T16:40:52 IST" duration-ms="241" status="PASS">
          <params>
            <param index="0">
              <value>
                <![CDATA[[TestResult name=openreceivedonlyMsgs status=SUCCESS method=TextMessagingFlow.openreceivedonlyMsgs()[pri:10, instance:com.admin.test.TextMessagingFlow@6392827e] output={null}]]]>
              </value>
            </param>
          </params>
          <reporter-output>
          </reporter-output>
        </test-method> <!-- tearDown -->
        <test-method is-config="true" signature="LaunchUrl()[pri:0, instance:com.admin.test.TextMessagingFlow@6392827e]" started-at="2022-09-16T16:40:52 IST" name="LaunchUrl" finished-at="2022-09-16T16:40:52 IST" duration-ms="0" status="PASS">
          <reporter-output>
          </reporter-output>
        </test-method> <!-- LaunchUrl -->
        <test-method signature="SndMessagethroughReceivedonlymsgs()[pri:11, instance:com.admin.test.TextMessagingFlow@6392827e]" started-at="2022-09-16T16:40:52 IST" name="SndMessagethroughReceivedonlymsgs" finished-at="2022-09-16T16:41:10 IST" duration-ms="18421" status="PASS">
          <reporter-output>
          </reporter-output>
        </test-method> <!-- SndMessagethroughReceivedonlymsgs -->
        <test-method is-config="true" signature="tearDown(org.testng.ITestResult)[pri:0, instance:com.admin.test.TextMessagingFlow@6392827e]" started-at="2022-09-16T16:41:10 IST" name="tearDown" finished-at="2022-09-16T16:41:10 IST" duration-ms="230" status="PASS">
          <params>
            <param index="0">
              <value>
                <![CDATA[[TestResult name=SndMessagethroughReceivedonlymsgs status=SUCCESS method=TextMessagingFlow.SndMessagethroughReceivedonlymsgs()[pri:11, instance:com.admin.test.TextMessagingFlow@6392827e] output={null}]]]>
              </value>
            </param>
          </params>
          <reporter-output>
          </reporter-output>
        </test-method> <!-- tearDown -->
        <test-method signature="TextBlastthroughreceived()[pri:12, instance:com.admin.test.TextMessagingFlow@6392827e]" started-at="2022-09-16T16:41:10 IST" name="TextBlastthroughreceived" finished-at="2022-09-16T16:41:29 IST" duration-ms="18973" status="PASS">
          <reporter-output>
          </reporter-output>
        </test-method> <!-- TextBlastthroughreceived -->
        <test-method is-config="true" signature="LaunchUrl()[pri:0, instance:com.admin.test.TextMessagingFlow@6392827e]" started-at="2022-09-16T16:41:10 IST" name="LaunchUrl" finished-at="2022-09-16T16:41:10 IST" duration-ms="0" status="PASS">
          <reporter-output>
          </reporter-output>
        </test-method> <!-- LaunchUrl -->
        <test-method is-config="true" signature="tearDown(org.testng.ITestResult)[pri:0, instance:com.admin.test.TextMessagingFlow@6392827e]" started-at="2022-09-16T16:41:29 IST" name="tearDown" finished-at="2022-09-16T16:41:30 IST" duration-ms="308" status="PASS">
          <params>
            <param index="0">
              <value>
                <![CDATA[[TestResult name=TextBlastthroughreceived status=SUCCESS method=TextMessagingFlow.TextBlastthroughreceived()[pri:12, instance:com.admin.test.TextMessagingFlow@6392827e] output={null}]]]>
              </value>
            </param>
          </params>
          <reporter-output>
          </reporter-output>
        </test-method> <!-- tearDown -->
        <test-method is-config="true" signature="LaunchUrl()[pri:0, instance:com.admin.test.TextMessagingFlow@6392827e]" started-at="2022-09-16T16:41:30 IST" name="LaunchUrl" finished-at="2022-09-16T16:41:30 IST" duration-ms="0" status="PASS">
          <reporter-output>
          </reporter-output>
        </test-method> <!-- LaunchUrl -->
        <test-method signature="cancelbuttonreceivedonly()[pri:13, instance:com.admin.test.TextMessagingFlow@6392827e]" started-at="2022-09-16T16:41:30 IST" name="cancelbuttonreceivedonly" finished-at="2022-09-16T16:41:41 IST" duration-ms="11106" status="PASS">
          <reporter-output>
          </reporter-output>
        </test-method> <!-- cancelbuttonreceivedonly -->
        <test-method is-config="true" signature="tearDown(org.testng.ITestResult)[pri:0, instance:com.admin.test.TextMessagingFlow@6392827e]" started-at="2022-09-16T16:41:41 IST" name="tearDown" finished-at="2022-09-16T16:41:41 IST" duration-ms="248" status="PASS">
          <params>
            <param index="0">
              <value>
                <![CDATA[[TestResult name=cancelbuttonreceivedonly status=SUCCESS method=TextMessagingFlow.cancelbuttonreceivedonly()[pri:13, instance:com.admin.test.TextMessagingFlow@6392827e] output={null}]]]>
              </value>
            </param>
          </params>
          <reporter-output>
          </reporter-output>
        </test-method> <!-- tearDown -->
        <test-method is-config="true" signature="LaunchUrl()[pri:0, instance:com.admin.test.TextMessagingFlow@6392827e]" started-at="2022-09-16T16:41:41 IST" name="LaunchUrl" finished-at="2022-09-16T16:41:41 IST" duration-ms="1" status="PASS">
          <reporter-output>
          </reporter-output>
        </test-method> <!-- LaunchUrl -->
        <test-method signature="SndEmptyMessaeReceivedonly()[pri:14, instance:com.admin.test.TextMessagingFlow@6392827e]" started-at="2022-09-16T16:41:41 IST" name="SndEmptyMessaeReceivedonly" finished-at="2022-09-16T16:41:59 IST" duration-ms="18106" status="PASS">
          <reporter-output>
          </reporter-output>
        </test-method> <!-- SndEmptyMessaeReceivedonly -->
        <test-method is-config="true" signature="tearDown(org.testng.ITestResult)[pri:0, instance:com.admin.test.TextMessagingFlow@6392827e]" started-at="2022-09-16T16:41:59 IST" name="tearDown" finished-at="2022-09-16T16:41:59 IST" duration-ms="242" status="PASS">
          <params>
            <param index="0">
              <value>
                <![CDATA[[TestResult name=SndEmptyMessaeReceivedonly status=SUCCESS method=TextMessagingFlow.SndEmptyMessaeReceivedonly()[pri:14, instance:com.admin.test.TextMessagingFlow@6392827e] output={null}]]]>
              </value>
            </param>
          </params>
          <reporter-output>
          </reporter-output>
        </test-method> <!-- tearDown -->
        <test-method signature="SndMessagewithoutnumberinreceivedonly()[pri:15, instance:com.admin.test.TextMessagingFlow@6392827e]" started-at="2022-09-16T16:41:59 IST" name="SndMessagewithoutnumberinreceivedonly" finished-at="2022-09-16T16:42:18 IST" duration-ms="18323" status="PASS">
          <reporter-output>
          </reporter-output>
        </test-method> <!-- SndMessagewithoutnumberinreceivedonly -->
        <test-method is-config="true" signature="LaunchUrl()[pri:0, instance:com.admin.test.TextMessagingFlow@6392827e]" started-at="2022-09-16T16:41:59 IST" name="LaunchUrl" finished-at="2022-09-16T16:41:59 IST" duration-ms="0" status="PASS">
          <reporter-output>
          </reporter-output>
        </test-method> <!-- LaunchUrl -->
        <test-method is-config="true" signature="tearDown(org.testng.ITestResult)[pri:0, instance:com.admin.test.TextMessagingFlow@6392827e]" started-at="2022-09-16T16:42:18 IST" name="tearDown" finished-at="2022-09-16T16:42:18 IST" duration-ms="265" status="PASS">
          <params>
            <param index="0">
              <value>
                <![CDATA[[TestResult name=SndMessagewithoutnumberinreceivedonly status=SUCCESS method=TextMessagingFlow.SndMessagewithoutnumberinreceivedonly()[pri:15, instance:com.admin.test.TextMessagingFlow@6392827e] output={null}]]]>
              </value>
            </param>
          </params>
          <reporter-output>
          </reporter-output>
        </test-method> <!-- tearDown -->
        <test-method is-config="true" signature="LaunchUrl()[pri:0, instance:com.admin.test.TextMessagingFlow@6392827e]" started-at="2022-09-16T16:42:18 IST" name="LaunchUrl" finished-at="2022-09-16T16:42:18 IST" duration-ms="2" status="PASS">
          <reporter-output>
          </reporter-output>
        </test-method> <!-- LaunchUrl -->
        <test-method signature="sndmsgbyselectinganothervumbernumberinreceivedonly()[pri:16, instance:com.admin.test.TextMessagingFlow@6392827e]" started-at="2022-09-16T16:42:18 IST" name="sndmsgbyselectinganothervumbernumberinreceivedonly" finished-at="2022-09-16T16:42:37 IST" duration-ms="19320" status="PASS">
          <reporter-output>
          </reporter-output>
        </test-method> <!-- sndmsgbyselectinganothervumbernumberinreceivedonly -->
        <test-method is-config="true" signature="tearDown(org.testng.ITestResult)[pri:0, instance:com.admin.test.TextMessagingFlow@6392827e]" started-at="2022-09-16T16:42:37 IST" name="tearDown" finished-at="2022-09-16T16:42:37 IST" duration-ms="222" status="PASS">
          <params>
            <param index="0">
              <value>
                <![CDATA[[TestResult name=sndmsgbyselectinganothervumbernumberinreceivedonly status=SUCCESS method=TextMessagingFlow.sndmsgbyselectinganothervumbernumberinreceivedonly()[pri:16, instance:com.admin.test.TextMessagingFlow@6392827e] output={null}]]]>
              </value>
            </param>
          </params>
          <reporter-output>
          </reporter-output>
        </test-method> <!-- tearDown -->
        <test-method signature="RefreshReceivedonly()[pri:17, instance:com.admin.test.TextMessagingFlow@6392827e]" started-at="2022-09-16T16:42:37 IST" name="RefreshReceivedonly" finished-at="2022-09-16T16:42:46 IST" duration-ms="8178" status="PASS">
          <reporter-output>
          </reporter-output>
        </test-method> <!-- RefreshReceivedonly -->
        <test-method is-config="true" signature="LaunchUrl()[pri:0, instance:com.admin.test.TextMessagingFlow@6392827e]" started-at="2022-09-16T16:42:37 IST" name="LaunchUrl" finished-at="2022-09-16T16:42:37 IST" duration-ms="0" status="PASS">
          <reporter-output>
          </reporter-output>
        </test-method> <!-- LaunchUrl -->
        <test-method is-config="true" signature="tearDown(org.testng.ITestResult)[pri:0, instance:com.admin.test.TextMessagingFlow@6392827e]" started-at="2022-09-16T16:42:46 IST" name="tearDown" finished-at="2022-09-16T16:42:46 IST" duration-ms="277" status="PASS">
          <params>
            <param index="0">
              <value>
                <![CDATA[[TestResult name=RefreshReceivedonly status=SUCCESS method=TextMessagingFlow.RefreshReceivedonly()[pri:17, instance:com.admin.test.TextMessagingFlow@6392827e] output={null}]]]>
              </value>
            </param>
          </params>
          <reporter-output>
          </reporter-output>
        </test-method> <!-- tearDown -->
        <test-method signature="opensentonlyMsgs()[pri:18, instance:com.admin.test.TextMessagingFlow@6392827e]" started-at="2022-09-16T16:42:46 IST" name="opensentonlyMsgs" finished-at="2022-09-16T16:42:55 IST" duration-ms="9328" status="PASS">
          <reporter-output>
          </reporter-output>
        </test-method> <!-- opensentonlyMsgs -->
        <test-method is-config="true" signature="LaunchUrl()[pri:0, instance:com.admin.test.TextMessagingFlow@6392827e]" started-at="2022-09-16T16:42:46 IST" name="LaunchUrl" finished-at="2022-09-16T16:42:46 IST" duration-ms="0" status="PASS">
          <reporter-output>
          </reporter-output>
        </test-method> <!-- LaunchUrl -->
        <test-method is-config="true" signature="tearDown(org.testng.ITestResult)[pri:0, instance:com.admin.test.TextMessagingFlow@6392827e]" started-at="2022-09-16T16:42:55 IST" name="tearDown" finished-at="2022-09-16T16:42:55 IST" duration-ms="244" status="PASS">
          <params>
            <param index="0">
              <value>
                <![CDATA[[TestResult name=opensentonlyMsgs status=SUCCESS method=TextMessagingFlow.opensentonlyMsgs()[pri:18, instance:com.admin.test.TextMessagingFlow@6392827e] output={null}]]]>
              </value>
            </param>
          </params>
          <reporter-output>
          </reporter-output>
        </test-method> <!-- tearDown -->
        <test-method signature="SndMessagethroughsentonlymsgs()[pri:19, instance:com.admin.test.TextMessagingFlow@6392827e]" started-at="2022-09-16T16:42:55 IST" name="SndMessagethroughsentonlymsgs" finished-at="2022-09-16T16:43:14 IST" duration-ms="18546" status="PASS">
          <reporter-output>
          </reporter-output>
        </test-method> <!-- SndMessagethroughsentonlymsgs -->
        <test-method is-config="true" signature="LaunchUrl()[pri:0, instance:com.admin.test.TextMessagingFlow@6392827e]" started-at="2022-09-16T16:42:55 IST" name="LaunchUrl" finished-at="2022-09-16T16:42:55 IST" duration-ms="0" status="PASS">
          <reporter-output>
          </reporter-output>
        </test-method> <!-- LaunchUrl -->
        <test-method is-config="true" signature="tearDown(org.testng.ITestResult)[pri:0, instance:com.admin.test.TextMessagingFlow@6392827e]" started-at="2022-09-16T16:43:14 IST" name="tearDown" finished-at="2022-09-16T16:43:14 IST" duration-ms="222" status="PASS">
          <params>
            <param index="0">
              <value>
                <![CDATA[[TestResult name=SndMessagethroughsentonlymsgs status=SUCCESS method=TextMessagingFlow.SndMessagethroughsentonlymsgs()[pri:19, instance:com.admin.test.TextMessagingFlow@6392827e] output={null}]]]>
              </value>
            </param>
          </params>
          <reporter-output>
          </reporter-output>
        </test-method> <!-- tearDown -->
        <test-method is-config="true" signature="LaunchUrl()[pri:0, instance:com.admin.test.TextMessagingFlow@6392827e]" started-at="2022-09-16T16:43:14 IST" name="LaunchUrl" finished-at="2022-09-16T16:43:14 IST" duration-ms="1" status="PASS">
          <reporter-output>
          </reporter-output>
        </test-method> <!-- LaunchUrl -->
        <test-method signature="TextBlastthroughsend()[pri:20, instance:com.admin.test.TextMessagingFlow@6392827e]" started-at="2022-09-16T16:43:14 IST" name="TextBlastthroughsend" finished-at="2022-09-16T16:43:34 IST" duration-ms="19633" status="PASS">
          <reporter-output>
          </reporter-output>
        </test-method> <!-- TextBlastthroughsend -->
        <test-method is-config="true" signature="tearDown(org.testng.ITestResult)[pri:0, instance:com.admin.test.TextMessagingFlow@6392827e]" started-at="2022-09-16T16:43:34 IST" name="tearDown" finished-at="2022-09-16T16:43:34 IST" duration-ms="289" status="PASS">
          <params>
            <param index="0">
              <value>
                <![CDATA[[TestResult name=TextBlastthroughsend status=SUCCESS method=TextMessagingFlow.TextBlastthroughsend()[pri:20, instance:com.admin.test.TextMessagingFlow@6392827e] output={null}]]]>
              </value>
            </param>
          </params>
          <reporter-output>
          </reporter-output>
        </test-method> <!-- tearDown -->
        <test-method signature="cancelbuttoninsentonly()[pri:21, instance:com.admin.test.TextMessagingFlow@6392827e]" started-at="2022-09-16T16:43:34 IST" name="cancelbuttoninsentonly" finished-at="2022-09-16T16:43:46 IST" duration-ms="11556" status="PASS">
          <reporter-output>
          </reporter-output>
        </test-method> <!-- cancelbuttoninsentonly -->
        <test-method is-config="true" signature="LaunchUrl()[pri:0, instance:com.admin.test.TextMessagingFlow@6392827e]" started-at="2022-09-16T16:43:34 IST" name="LaunchUrl" finished-at="2022-09-16T16:43:34 IST" duration-ms="0" status="PASS">
          <reporter-output>
          </reporter-output>
        </test-method> <!-- LaunchUrl -->
        <test-method is-config="true" signature="tearDown(org.testng.ITestResult)[pri:0, instance:com.admin.test.TextMessagingFlow@6392827e]" started-at="2022-09-16T16:43:46 IST" name="tearDown" finished-at="2022-09-16T16:43:46 IST" duration-ms="218" status="PASS">
          <params>
            <param index="0">
              <value>
                <![CDATA[[TestResult name=cancelbuttoninsentonly status=SUCCESS method=TextMessagingFlow.cancelbuttoninsentonly()[pri:21, instance:com.admin.test.TextMessagingFlow@6392827e] output={null}]]]>
              </value>
            </param>
          </params>
          <reporter-output>
          </reporter-output>
        </test-method> <!-- tearDown -->
        <test-method is-config="true" signature="LaunchUrl()[pri:0, instance:com.admin.test.TextMessagingFlow@6392827e]" started-at="2022-09-16T16:43:46 IST" name="LaunchUrl" finished-at="2022-09-16T16:43:46 IST" duration-ms="0" status="PASS">
          <reporter-output>
          </reporter-output>
        </test-method> <!-- LaunchUrl -->
        <test-method signature="SndEmptyMessageinsentonly()[pri:22, instance:com.admin.test.TextMessagingFlow@6392827e]" started-at="2022-09-16T16:43:46 IST" name="SndEmptyMessageinsentonly" finished-at="2022-09-16T16:44:04 IST" duration-ms="18195" status="PASS">
          <reporter-output>
          </reporter-output>
        </test-method> <!-- SndEmptyMessageinsentonly -->
        <test-method is-config="true" signature="tearDown(org.testng.ITestResult)[pri:0, instance:com.admin.test.TextMessagingFlow@6392827e]" started-at="2022-09-16T16:44:04 IST" name="tearDown" finished-at="2022-09-16T16:44:04 IST" duration-ms="209" status="PASS">
          <params>
            <param index="0">
              <value>
                <![CDATA[[TestResult name=SndEmptyMessageinsentonly status=SUCCESS method=TextMessagingFlow.SndEmptyMessageinsentonly()[pri:22, instance:com.admin.test.TextMessagingFlow@6392827e] output={null}]]]>
              </value>
            </param>
          </params>
          <reporter-output>
          </reporter-output>
        </test-method> <!-- tearDown -->
        <test-method is-config="true" signature="LaunchUrl()[pri:0, instance:com.admin.test.TextMessagingFlow@6392827e]" started-at="2022-09-16T16:44:04 IST" name="LaunchUrl" finished-at="2022-09-16T16:44:04 IST" duration-ms="1" status="PASS">
          <reporter-output>
          </reporter-output>
        </test-method> <!-- LaunchUrl -->
        <test-method signature="SndMessagewithoutnumberinsentonly()[pri:23, instance:com.admin.test.TextMessagingFlow@6392827e]" started-at="2022-09-16T16:44:04 IST" name="SndMessagewithoutnumberinsentonly" finished-at="2022-09-16T16:44:24 IST" duration-ms="19329" status="PASS">
          <reporter-output>
          </reporter-output>
        </test-method> <!-- SndMessagewithoutnumberinsentonly -->
        <test-method is-config="true" signature="tearDown(org.testng.ITestResult)[pri:0, instance:com.admin.test.TextMessagingFlow@6392827e]" started-at="2022-09-16T16:44:24 IST" name="tearDown" finished-at="2022-09-16T16:44:24 IST" duration-ms="233" status="PASS">
          <params>
            <param index="0">
              <value>
                <![CDATA[[TestResult name=SndMessagewithoutnumberinsentonly status=SUCCESS method=TextMessagingFlow.SndMessagewithoutnumberinsentonly()[pri:23, instance:com.admin.test.TextMessagingFlow@6392827e] output={null}]]]>
              </value>
            </param>
          </params>
          <reporter-output>
          </reporter-output>
        </test-method> <!-- tearDown -->
        <test-method signature="sndmsgbyselectinganothervumbernumberinsentonly()[pri:24, instance:com.admin.test.TextMessagingFlow@6392827e]" started-at="2022-09-16T16:44:24 IST" name="sndmsgbyselectinganothervumbernumberinsentonly" finished-at="2022-09-16T16:44:44 IST" duration-ms="19848" status="PASS">
          <reporter-output>
          </reporter-output>
        </test-method> <!-- sndmsgbyselectinganothervumbernumberinsentonly -->
        <test-method is-config="true" signature="LaunchUrl()[pri:0, instance:com.admin.test.TextMessagingFlow@6392827e]" started-at="2022-09-16T16:44:24 IST" name="LaunchUrl" finished-at="2022-09-16T16:44:24 IST" duration-ms="0" status="PASS">
          <reporter-output>
          </reporter-output>
        </test-method> <!-- LaunchUrl -->
        <test-method is-config="true" signature="tearDown(org.testng.ITestResult)[pri:0, instance:com.admin.test.TextMessagingFlow@6392827e]" started-at="2022-09-16T16:44:44 IST" name="tearDown" finished-at="2022-09-16T16:44:44 IST" duration-ms="209" status="PASS">
          <params>
            <param index="0">
              <value>
                <![CDATA[[TestResult name=sndmsgbyselectinganothervumbernumberinsentonly status=SUCCESS method=TextMessagingFlow.sndmsgbyselectinganothervumbernumberinsentonly()[pri:24, instance:com.admin.test.TextMessagingFlow@6392827e] output={null}]]]>
              </value>
            </param>
          </params>
          <reporter-output>
          </reporter-output>
        </test-method> <!-- tearDown -->
        <test-method signature="Refreshinsentonly()[pri:25, instance:com.admin.test.TextMessagingFlow@6392827e]" started-at="2022-09-16T16:44:44 IST" name="Refreshinsentonly" finished-at="2022-09-16T16:44:53 IST" duration-ms="8832" status="PASS">
          <reporter-output>
          </reporter-output>
        </test-method> <!-- Refreshinsentonly -->
        <test-method is-config="true" signature="LaunchUrl()[pri:0, instance:com.admin.test.TextMessagingFlow@6392827e]" started-at="2022-09-16T16:44:44 IST" name="LaunchUrl" finished-at="2022-09-16T16:44:44 IST" duration-ms="0" status="PASS">
          <reporter-output>
          </reporter-output>
        </test-method> <!-- LaunchUrl -->
        <test-method is-config="true" signature="tearDown(org.testng.ITestResult)[pri:0, instance:com.admin.test.TextMessagingFlow@6392827e]" started-at="2022-09-16T16:44:53 IST" name="tearDown" finished-at="2022-09-16T16:44:53 IST" duration-ms="255" status="PASS">
          <params>
            <param index="0">
              <value>
                <![CDATA[[TestResult name=Refreshinsentonly status=SUCCESS method=TextMessagingFlow.Refreshinsentonly()[pri:25, instance:com.admin.test.TextMessagingFlow@6392827e] output={null}]]]>
              </value>
            </param>
          </params>
          <reporter-output>
          </reporter-output>
        </test-method> <!-- tearDown -->
        <test-method is-config="true" signature="endReport()[pri:0, instance:com.admin.test.TextMessagingFlow@6392827e]" started-at="2022-09-16T16:44:53 IST" name="endReport" finished-at="2022-09-16T16:44:56 IST" duration-ms="3217" status="PASS">
          <reporter-output>
          </reporter-output>
        </test-method> <!-- endReport -->
        <test-method is-config="true" signature="viewExtentReport()[pri:0, instance:com.admin.test.TextMessagingFlow@6392827e]" started-at="2022-09-16T16:44:56 IST" name="viewExtentReport" finished-at="2022-09-16T16:45:16 IST" duration-ms="19546" status="PASS">
          <reporter-output>
          </reporter-output>
        </test-method> <!-- viewExtentReport -->
      </class> <!-- com.admin.test.TextMessagingFlow -->
    </test> <!-- Default test -->
  </suite> <!-- Default suite -->
</testng-results>
