<?xml version="1.0" encoding="UTF-8"?>
<!-- Generated by org.testng.reporters.JUnitXMLReporter -->
<testsuite ignored="0" hostname="TISLAP30" failures="0" tests="17" name="Default test" time="347.272" errors="0" timestamp="2022-09-16T11:50:14 IST">
  <testcase classname="com.admin.test.TextMessagingFlow" name="Login" time="13.815"/>
  <testcase classname="com.admin.test.TextMessagingFlow" name="openAllMsgs" time="10.289"/>
  <testcase classname="com.admin.test.TextMessagingFlow" name="SndMessage" time="19.965"/>
  <testcase classname="com.admin.test.TextMessagingFlow" name="TextBlast" time="19.503"/>
  <testcase classname="com.admin.test.TextMessagingFlow" name="cancel" time="10.724"/>
  <testcase classname="com.admin.test.TextMessagingFlow" name="SndEmptyMessage" time="18.344"/>
  <testcase classname="com.admin.test.TextMessagingFlow" name="SndMessagewithoutnumber" time="18.251"/>
  <testcase classname="com.admin.test.TextMessagingFlow" name="sndmsgbyselectinganothervumbernumber" time="91.295"/>
  <testcase classname="com.admin.test.TextMessagingFlow" name="Refresh" time="8.388"/>
  <testcase classname="com.admin.test.TextMessagingFlow" name="opensentonlyMsgs" time="8.785"/>
  <testcase classname="com.admin.test.TextMessagingFlow" name="SndMessagethroughsentonlymsgs" time="19.782"/>
  <testcase classname="com.admin.test.TextMessagingFlow" name="TextBlastthroughsend" time="18.655"/>
  <testcase classname="com.admin.test.TextMessagingFlow" name="cancelbuttoninsentonly" time="11.319"/>
  <testcase classname="com.admin.test.TextMessagingFlow" name="SndEmptyMessageinsentonly" time="17.515"/>
  <testcase classname="com.admin.test.TextMessagingFlow" name="SndMessagewithoutnumberinsentonly" time="17.593"/>
  <testcase classname="com.admin.test.TextMessagingFlow" name="sndmsgbyselectinganothervumbernumberinsentonly" time="17.915"/>
  <testcase classname="com.admin.test.TextMessagingFlow" name="Refreshinsentonly" time="8.142"/>
</testsuite> <!-- Default test -->
