<?xml version="1.0" encoding="UTF-8"?>
<!-- Generated by org.testng.reporters.JUnitXMLReporter -->
<testsuite ignored="0" hostname="TISLAP30" failures="0" tests="25" name="Default test" time="426.198" errors="0" timestamp="2022-09-16T16:44:56 IST">
  <testcase classname="com.admin.test.TextMessagingFlow" name="Login" time="14.376"/>
  <testcase classname="com.admin.test.TextMessagingFlow" name="openAllMsgs" time="10.07"/>
  <testcase classname="com.admin.test.TextMessagingFlow" name="SndMessage" time="20.539"/>
  <testcase classname="com.admin.test.TextMessagingFlow" name="TextBlast" time="19.259"/>
  <testcase classname="com.admin.test.TextMessagingFlow" name="cancel" time="10.421"/>
  <testcase classname="com.admin.test.TextMessagingFlow" name="SndEmptyMessage" time="18.628"/>
  <testcase classname="com.admin.test.TextMessagingFlow" name="SndMessagewithoutnumber" time="18.81"/>
  <testcase classname="com.admin.test.TextMessagingFlow" name="sndmsgbyselectinganothervumbernumber" time="19.439"/>
  <testcase classname="com.admin.test.TextMessagingFlow" name="Refresh" time="8.466"/>
  <testcase classname="com.admin.test.TextMessagingFlow" name="openreceivedonlyMsgs" time="18.67"/>
  <testcase classname="com.admin.test.TextMessagingFlow" name="SndMessagethroughReceivedonlymsgs" time="18.421"/>
  <testcase classname="com.admin.test.TextMessagingFlow" name="TextBlastthroughreceived" time="18.973"/>
  <testcase classname="com.admin.test.TextMessagingFlow" name="cancelbuttonreceivedonly" time="11.106"/>
  <testcase classname="com.admin.test.TextMessagingFlow" name="SndEmptyMessaeReceivedonly" time="18.106"/>
  <testcase classname="com.admin.test.TextMessagingFlow" name="SndMessagewithoutnumberinreceivedonly" time="18.323"/>
  <testcase classname="com.admin.test.TextMessagingFlow" name="sndmsgbyselectinganothervumbernumberinreceivedonly" time="19.32"/>
  <testcase classname="com.admin.test.TextMessagingFlow" name="RefreshReceivedonly" time="8.178"/>
  <testcase classname="com.admin.test.TextMessagingFlow" name="opensentonlyMsgs" time="9.328"/>
  <testcase classname="com.admin.test.TextMessagingFlow" name="SndMessagethroughsentonlymsgs" time="18.546"/>
  <testcase classname="com.admin.test.TextMessagingFlow" name="TextBlastthroughsend" time="19.633"/>
  <testcase classname="com.admin.test.TextMessagingFlow" name="cancelbuttoninsentonly" time="11.556"/>
  <testcase classname="com.admin.test.TextMessagingFlow" name="SndEmptyMessageinsentonly" time="18.195"/>
  <testcase classname="com.admin.test.TextMessagingFlow" name="SndMessagewithoutnumberinsentonly" time="19.329"/>
  <testcase classname="com.admin.test.TextMessagingFlow" name="sndmsgbyselectinganothervumbernumberinsentonly" time="19.848"/>
  <testcase classname="com.admin.test.TextMessagingFlow" name="Refreshinsentonly" time="8.832"/>
</testsuite> <!-- Default test -->
